app/build/intermediates/manifest_merge_blame_file/debug/manifest-merger-blame-debug-report.txt
1<?xml version="1.0" encoding="utf-8"?>
2<manifest xmlns:android="http://schemas.android.com/apk/res/android"
3    package="com.google.android.youtube.pro"
4    android:versionCode="1"
5    android:versionName="3.3" >
6
7    <uses-sdk
8        android:minSdkVersion="21"
9        android:targetSdkVersion="31" />
10
11    <uses-permission android:name="android.permission.INTERNET" />
11-->src/main/AndroidManifest.xml:4:2-63
11-->src/main/AndroidManifest.xml:4:19-61
12    <uses-permission android:name="android.permission.RECORD_AUDIO" />
12-->src/main/AndroidManifest.xml:5:2-68
12-->src/main/AndroidManifest.xml:5:19-65
13    <uses-permission android:name="android.permission.MODIFY_AUDIO_SETTINGS" />
13-->src/main/AndroidManifest.xml:6:2-77
13-->src/main/AndroidManifest.xml:6:19-74
14    <uses-permission android:name="android.permission.ACCESS_NETWORK_STATE" />
14-->[org.bitbucket.consumerchoicemvp:repocket-android-sdk:1.2.1] AndroidManifest.xml:7:5-79
14-->[org.bitbucket.consumerchoicemvp:repocket-android-sdk:1.2.1] AndroidManifest.xml:7:22-76
15    <uses-permission android:name="android.permission.ACCESS_WIFI_STATE" />
15-->[org.bitbucket.consumerchoicemvp:repocket-android-sdk:1.2.1] AndroidManifest.xml:9:5-76
15-->[org.bitbucket.consumerchoicemvp:repocket-android-sdk:1.2.1] AndroidManifest.xml:9:22-73
16    <uses-permission android:name="android.permission.FOREGROUND_SERVICE" />
16-->[org.bitbucket.consumerchoicemvp:repocket-android-sdk:1.2.1] AndroidManifest.xml:10:5-77
16-->[org.bitbucket.consumerchoicemvp:repocket-android-sdk:1.2.1] AndroidManifest.xml:10:22-74
17
18    <permission
18-->[androidx.core:core:1.10.0] AndroidManifest.xml:22:5-24:47
19        android:name="com.google.android.youtube.pro.DYNAMIC_RECEIVER_NOT_EXPORTED_PERMISSION"
19-->[androidx.core:core:1.10.0] AndroidManifest.xml:23:9-81
20        android:protectionLevel="signature" />
20-->[androidx.core:core:1.10.0] AndroidManifest.xml:24:9-44
21
22    <uses-permission android:name="com.google.android.youtube.pro.DYNAMIC_RECEIVER_NOT_EXPORTED_PERMISSION" />
22-->[androidx.core:core:1.10.0] AndroidManifest.xml:26:5-97
22-->[androidx.core:core:1.10.0] AndroidManifest.xml:26:22-94
23
24    <application
24-->src/main/AndroidManifest.xml:7:2-27:16
25        android:allowBackup="true"
25-->src/main/AndroidManifest.xml:8:3-29
26        android:appComponentFactory="androidx.core.app.CoreComponentFactory"
26-->[androidx.core:core:1.10.0] AndroidManifest.xml:28:18-86
27        android:debuggable="true"
28        android:extractNativeLibs="true"
29        android:icon="@drawable/ic_launcher"
29-->src/main/AndroidManifest.xml:10:3-39
30        android:label="Premium"
30-->src/main/AndroidManifest.xml:9:3-26
31        android:largeHeap="true"
31-->src/main/AndroidManifest.xml:11:3-27
32        android:theme="@style/AppTheme"
32-->src/main/AndroidManifest.xml:13:3-34
33        android:usesCleartextTraffic="true" >
33-->src/main/AndroidManifest.xml:12:3-38
34        <activity
34-->src/main/AndroidManifest.xml:14:3-26:14
35            android:name="com.google.android.youtube.pro.MainActivity"
35-->src/main/AndroidManifest.xml:15:4-32
36            android:configChanges="orientation|screenSize|keyboardHidden|smallestScreenSize|screenLayout"
36-->src/main/AndroidManifest.xml:16:4-97
37            android:exported="true"
37-->src/main/AndroidManifest.xml:20:25-48
38            android:hardwareAccelerated="true"
38-->src/main/AndroidManifest.xml:17:4-38
39            android:screenOrientation="portrait"
39-->src/main/AndroidManifest.xml:21:4-40
40            android:supportsPictureInPicture="true"
40-->src/main/AndroidManifest.xml:18:4-43
41            android:theme="@style/NoActionBar" >
41-->src/main/AndroidManifest.xml:19:11-45
42            <intent-filter>
42-->src/main/AndroidManifest.xml:22:4-25:20
43                <action android:name="android.intent.action.MAIN" />
43-->src/main/AndroidManifest.xml:23:5-56
43-->src/main/AndroidManifest.xml:23:13-54
44
45                <category android:name="android.intent.category.LAUNCHER" />
45-->src/main/AndroidManifest.xml:24:5-64
45-->src/main/AndroidManifest.xml:24:15-62
46            </intent-filter>
47        </activity>
48
49        <service
49-->[org.bitbucket.consumerchoicemvp:repocket-android-sdk:1.2.1] AndroidManifest.xml:13:9-16:40
50            android:name="com.repocket.androidsdk.ForegroundPeer"
50-->[org.bitbucket.consumerchoicemvp:repocket-android-sdk:1.2.1] AndroidManifest.xml:14:13-66
51            android:enabled="true"
51-->[org.bitbucket.consumerchoicemvp:repocket-android-sdk:1.2.1] AndroidManifest.xml:15:13-35
52            android:exported="false" />
52-->[org.bitbucket.consumerchoicemvp:repocket-android-sdk:1.2.1] AndroidManifest.xml:16:13-37
53
54        <provider
54-->[androidx.emoji2:emoji2:1.2.0] AndroidManifest.xml:24:9-32:20
55            android:name="androidx.startup.InitializationProvider"
55-->[androidx.emoji2:emoji2:1.2.0] AndroidManifest.xml:25:13-67
56            android:authorities="com.google.android.youtube.pro.androidx-startup"
56-->[androidx.emoji2:emoji2:1.2.0] AndroidManifest.xml:26:13-68
57            android:exported="false" >
57-->[androidx.emoji2:emoji2:1.2.0] AndroidManifest.xml:27:13-37
58            <meta-data
58-->[androidx.emoji2:emoji2:1.2.0] AndroidManifest.xml:29:13-31:52
59                android:name="androidx.emoji2.text.EmojiCompatInitializer"
59-->[androidx.emoji2:emoji2:1.2.0] AndroidManifest.xml:30:17-75
60                android:value="androidx.startup" />
60-->[androidx.emoji2:emoji2:1.2.0] AndroidManifest.xml:31:17-49
61            <meta-data
61-->[androidx.lifecycle:lifecycle-process:2.4.1] AndroidManifest.xml:31:13-33:52
62                android:name="androidx.lifecycle.ProcessLifecycleInitializer"
62-->[androidx.lifecycle:lifecycle-process:2.4.1] AndroidManifest.xml:32:17-78
63                android:value="androidx.startup" />
63-->[androidx.lifecycle:lifecycle-process:2.4.1] AndroidManifest.xml:33:17-49
64        </provider>
65
66        <meta-data
66-->[com.google.android.gms:play-services-basement:16.0.1] AndroidManifest.xml:23:9-25:69
67            android:name="com.google.android.gms.version"
67-->[com.google.android.gms:play-services-basement:16.0.1] AndroidManifest.xml:24:13-58
68            android:value="@integer/google_play_services_version" />
68-->[com.google.android.gms:play-services-basement:16.0.1] AndroidManifest.xml:25:13-66
69    </application>
70
71</manifest>